<?xml version="1.0" encoding="UTF-8"?>
<!-- Generated by org.testng.reporters.JUnitXMLReporter -->
<testsuite hostname="LAPTOP-K1LJQJ1V" failures="0" tests="3" name="Test" time="44.909" errors="0" timestamp="20 May 2021 11:14:04 GMT">
  <testcase classname="Automation.SeleniumDemo.HomePage" name="homePage" time="0.917"/>
  <testcase classname="Automation.SeleniumDemo.HomePage" name="homePage" time="1.315"/>
  <testcase classname="Automation.SeleniumDemo.SignUp" name="signUp" time="10.027"/>
</testsuite> <!-- Test -->
