<?xml version="1.0" encoding="UTF-8"?>
<testng-results total="3" passed="3" failed="0" skipped="0">
  <reporter-output>
  </reporter-output>
  <suite started-at="2021-05-20T11:13:19Z" name="Suite" finished-at="2021-05-20T11:14:04Z" duration-ms="44909">
    <groups>
    </groups>
    <test started-at="2021-05-20T11:13:19Z" name="Test" finished-at="2021-05-20T11:14:04Z" duration-ms="44909">
      <class name="Automation.SeleniumDemo.HomePage">
        <test-method is-config="true" signature="fetchURL()[pri:0, instance:Automation.SeleniumDemo.HomePage@327af41b]" started-at="2021-05-20T16:43:19Z" name="fetchURL" finished-at="2021-05-20T16:43:40Z" duration-ms="20745" status="PASS">
          <reporter-output>
          </reporter-output>
        </test-method> <!-- fetchURL -->
        <test-method signature="homePage(java.lang.String, java.lang.String)[pri:0, instance:Automation.SeleniumDemo.HomePage@327af41b]" started-at="2021-05-20T16:43:40Z" name="homePage" description="Login test" data-provider="testData" finished-at="2021-05-20T16:43:41Z" duration-ms="917" status="PASS">
          <params>
            <param index="0">
              <value>
                <![CDATA[Bindu]]>
              </value>
            </param>
            <param index="1">
              <value>
                <![CDATA[Tester]]>
              </value>
            </param>
          </params>
          <reporter-output>
          </reporter-output>
        </test-method> <!-- homePage -->
        <test-method is-config="true" signature="closeBrowser()[pri:0, instance:Automation.SeleniumDemo.HomePage@327af41b]" started-at="2021-05-20T16:43:41Z" name="closeBrowser" finished-at="2021-05-20T16:43:41Z" duration-ms="108" status="PASS">
          <reporter-output>
          </reporter-output>
        </test-method> <!-- closeBrowser -->
        <test-method is-config="true" signature="fetchURL()[pri:0, instance:Automation.SeleniumDemo.HomePage@327af41b]" started-at="2021-05-20T16:43:41Z" name="fetchURL" finished-at="2021-05-20T16:43:45Z" duration-ms="4610" status="PASS">
          <reporter-output>
          </reporter-output>
        </test-method> <!-- fetchURL -->
        <test-method signature="homePage(java.lang.String, java.lang.String)[pri:0, instance:Automation.SeleniumDemo.HomePage@327af41b]" started-at="2021-05-20T16:43:45Z" name="homePage" description="Login test" data-provider="testData" finished-at="2021-05-20T16:43:47Z" duration-ms="1315" status="PASS">
          <params>
            <param index="0">
              <value>
                <![CDATA[Chandu]]>
              </value>
            </param>
            <param index="1">
              <value>
                <![CDATA[Tester11]]>
              </value>
            </param>
          </params>
          <reporter-output>
          </reporter-output>
        </test-method> <!-- homePage -->
        <test-method is-config="true" signature="closeBrowser()[pri:0, instance:Automation.SeleniumDemo.HomePage@327af41b]" started-at="2021-05-20T16:43:47Z" name="closeBrowser" finished-at="2021-05-20T16:43:47Z" duration-ms="84" status="PASS">
          <reporter-output>
          </reporter-output>
        </test-method> <!-- closeBrowser -->
      </class> <!-- Automation.SeleniumDemo.HomePage -->
      <class name="Automation.SeleniumDemo.SignUp">
        <test-method is-config="true" signature="fetchURL()[pri:0, instance:Automation.SeleniumDemo.SignUp@6cb6decd]" started-at="2021-05-20T16:43:47Z" name="fetchURL" finished-at="2021-05-20T16:43:54Z" duration-ms="6974" status="PASS">
          <reporter-output>
          </reporter-output>
        </test-method> <!-- fetchURL -->
        <test-method signature="signUp()[pri:0, instance:Automation.SeleniumDemo.SignUp@6cb6decd]" started-at="2021-05-20T16:43:54Z" name="signUp" description="New user sign up" finished-at="2021-05-20T16:44:04Z" duration-ms="10027" status="PASS">
          <reporter-output>
          </reporter-output>
        </test-method> <!-- signUp -->
        <test-method is-config="true" signature="closeBrowser()[pri:0, instance:Automation.SeleniumDemo.SignUp@6cb6decd]" started-at="2021-05-20T16:44:04Z" name="closeBrowser" finished-at="2021-05-20T16:44:04Z" duration-ms="102" status="PASS">
          <reporter-output>
          </reporter-output>
        </test-method> <!-- closeBrowser -->
      </class> <!-- Automation.SeleniumDemo.SignUp -->
    </test> <!-- Test -->
  </suite> <!-- Suite -->
</testng-results>
